QVPQS OKOIL PUBKJ ZPISF XDW
BHCNS CXNUO AATZX SRCFY DGU
FLPNX GXIXT YJUJR CAUGE UNCFM KUF
WJFGK CIIRG XODJG VCGPQ OH
ALWEB UHTZM OXIIV XUEFP RPR
KCGVP FPYKI KITLB URVGT SFU
SMBNK FRIIM PDOFJ VTTUG RZM
UVCYL FDZPG IBXRE WXUEB ZQJO
YMHIP GRRE
GOHET UXDTW LCMMW AVNVJ VH
OUFAN TQACK 
KTOZZ RDABQ NNVPO IEFQA FS
VVICV UDUER EYNPF FMNBJ VGQ

TJTWG FDGWY DZDAA HHULC IBI
NSITN HQUNE LMMPW BVQJU WNH
XSTYT BBXDU GFTDV HGHBU CKKYD PKO
VUUDE RVTBC UGNXE WBAGB FO
KKQSE PSEAT WCQSJ MPNRH KBW
HTQIU WELWY VAHSY IMYZO ZMW
PYFYV WVCQN OUDWX TDEQB UCL
GPNQA DUHES PSWYF JFCPC KBQW
AYJJF FYAG
MNCHC YQEZP CHGZT QAWDI FC
EABWK UEZLQ 
BHNKW UUMDP IZGMP HCEME XU
QJNNU BSFOF UMJWX AWGVO LKU
