NZWUT HXCBS WKBCQ ZYNJI LKY
QTHCQ CFPCV NYCJE VMBOB XUM
IGLIP HMBBO CKCWM MWZVR NCLNI CMC
QTKUP HDSLY YLXCJ PKIJE WL
NAOXM IXAIP PAODE TZJBS ZGZ
AYUFO VRJZD PQXUP KZZDY BBF
ZOSKZ EZJSL KVZGA ACKLF PQI
JCDKB FCBRM HZJHI KLJLY RYSR
YSLLK YQQO
OSNUJ WVIYZ TVNIY UGFZH IV
QKHFD CFVJJ 
AUDWK YGAVY NXFWC FHNTO GT
FQLDD GGXEO AZRSW TOHEZ VPW

FROMH ISSHO ULDER HIAWA THA
TOOKT HECAM ERAOF ROSEW OOD
MADEO FSLID INGFO LDING ROSEW OOD
NEATL YPUTI TALLT OGETH ER
INITS CASEI TLAYC OMPAC TLY
FOLDE DINTO NEARL YNOTH ING
BUTHE OPENE DOUTT HEHIN GES
PUSHE DANDP ULLED THEJO INTS
ANDHI NGES
TILLI TLOOK EDALL SQUAR ES
ANDOB LONGS 
LIKEA COMPL ICATE DFIGU RE
INTHE SECON DBOOK OFEUC LID
